\BOOKMARK [1][-]{section.1}{Einf\374hrung}{}% 1
\BOOKMARK [1][-]{section.2}{Die verschieden Schaltkreis Arten}{}% 2
\BOOKMARK [2][-]{subsection.2.1}{Token-based Schaltkreise}{section.2}% 3
\BOOKMARK [2][-]{subsection.2.2}{Polar Token-Pass Schaltkreise}{section.2}% 4
\BOOKMARK [2][-]{subsection.2.3}{Non-polar Token-Pass Schaltkreise}{section.2}% 5
\BOOKMARK [1][-]{section.3}{1-Bit Memory mit polar Token-pass \(8 T-Elemente\) und non-polar Token-pass \(7 T-Elemente\)}{}% 6
\BOOKMARK [1][-]{section.4}{Boolsche Funktionen mithilfe von non-polar Token-Pass}{}% 7
\BOOKMARK [2][-]{subsection.4.1}{Negation}{section.4}% 8
\BOOKMARK [2][-]{subsection.4.2}{Logisches ODER}{section.4}% 9
\BOOKMARK [2][-]{subsection.4.3}{Logisches UND}{section.4}% 10
\BOOKMARK [1][-]{section.5}{Ausblick}{}% 11
\BOOKMARK [1][-]{section.6}{Important hint}{}% 12
\BOOKMARK [1][-]{section.7}{Basic usage of LaTeX}{}% 13
\BOOKMARK [2][-]{subsection.7.1}{\134newcommand for shorthands}{section.7}% 14
\BOOKMARK [2][-]{subsection.7.2}{Lists}{section.7}% 15
\BOOKMARK [2][-]{subsection.7.3}{Math environments}{section.7}% 16
\BOOKMARK [2][-]{subsection.7.4}{References}{section.7}% 17
\BOOKMARK [2][-]{subsection.7.5}{Literature and BibTeX}{section.7}% 18
\BOOKMARK [2][-]{subsection.7.6}{Packages and the internet}{section.7}% 19
\BOOKMARK [2][-]{subsection.7.7}{Miscellaneous}{section.7}% 20
